[0.027s] Invoking command in '/home/jv_costa/Pequi-Mecânico/my_bot_costa/build/my_bot': CMAKE_PREFIX_PATH=/opt/ros/humble /usr/bin/cmake /home/jv_costa/Pequi-Mecânico/my_bot_costa -DAMENT_CMAKE_SYMLINK_INSTALL=1 -DCMAKE_INSTALL_PREFIX=/home/jv_costa/Pequi-Mecânico/my_bot_costa/install/my_bot
[0.105s] -- The C compiler identification is GNU 11.4.0
[0.181s] -- The CXX compiler identification is GNU 11.4.0
[0.189s] -- Detecting C compiler ABI info
[0.260s] -- Detecting C compiler ABI info - done
[0.265s] -- Check for working C compiler: /usr/bin/cc - skipped
[0.266s] -- Detecting C compile features
[0.266s] -- Detecting C compile features - done
[0.269s] -- Detecting CXX compiler ABI info
[0.332s] -- Detecting CXX compiler ABI info - done
[0.337s] -- Check for working CXX compiler: /usr/bin/c++ - skipped
[0.337s] -- Detecting CXX compile features
[0.338s] -- Detecting CXX compile features - done
[0.341s] -- Found ament_cmake: 1.3.6 (/opt/ros/humble/share/ament_cmake/cmake)
[0.464s] -- Found Python3: /usr/bin/python3.10 (found version "3.10.12") found components: Interpreter 
[0.517s] -- Override CMake install command with custom implementation using symlinks instead of copying resources
[0.540s] -- Found ament_lint_auto: 0.12.9 (/opt/ros/humble/share/ament_lint_auto/cmake)
[0.599s] -- Added test 'copyright' to check source files copyright and LICENSE
[0.603s] -- Added test 'cppcheck' to perform static code analysis on C / C++ code
[0.603s] -- Configured cppcheck include dirs: 
[0.603s] -- Configured cppcheck exclude dirs and/or files: 
[0.607s] -- Added test 'cpplint' to check C / C++ code against the Google style
[0.607s] -- Configured cpplint exclude dirs and/or files: 
[0.608s] -- Added test 'flake8' to check Python code syntax and style conventions
[0.609s] -- Added test 'lint_cmake' to check CMake code style
[0.610s] -- Added test 'pep257' to check Python code against some of the docstring style conventions in PEP 257
[0.614s] -- Added test 'uncrustify' to check C / C++ code style
[0.614s] -- Configured uncrustify additional arguments: 
[0.615s] -- Added test 'xmllint' to check XML markup files
[0.616s] -- Configuring done
[0.618s] -- Generating done
[0.618s] -- Build files have been written to: /home/jv_costa/Pequi-Mecânico/my_bot_costa/build/my_bot
[0.622s] Invoked command in '/home/jv_costa/Pequi-Mecânico/my_bot_costa/build/my_bot' returned '0': CMAKE_PREFIX_PATH=/opt/ros/humble /usr/bin/cmake /home/jv_costa/Pequi-Mecânico/my_bot_costa -DAMENT_CMAKE_SYMLINK_INSTALL=1 -DCMAKE_INSTALL_PREFIX=/home/jv_costa/Pequi-Mecânico/my_bot_costa/install/my_bot
[0.623s] Invoking command in '/home/jv_costa/Pequi-Mecânico/my_bot_costa/build/my_bot': CMAKE_PREFIX_PATH=/opt/ros/humble /usr/bin/cmake --build /home/jv_costa/Pequi-Mecânico/my_bot_costa/build/my_bot -- -j16 -l16
[0.653s] Invoked command in '/home/jv_costa/Pequi-Mecânico/my_bot_costa/build/my_bot' returned '0': CMAKE_PREFIX_PATH=/opt/ros/humble /usr/bin/cmake --build /home/jv_costa/Pequi-Mecânico/my_bot_costa/build/my_bot -- -j16 -l16
[0.683s] Invoking command in '/home/jv_costa/Pequi-Mecânico/my_bot_costa/build/my_bot': CMAKE_PREFIX_PATH=/opt/ros/humble /usr/bin/cmake --install /home/jv_costa/Pequi-Mecânico/my_bot_costa/build/my_bot
[0.689s] -- Install configuration: ""
[0.689s] -- Execute custom install script
[0.690s] -- Symlinking: /home/jv_costa/Pequi-Mecânico/my_bot_costa/install/my_bot/share/my_bot/config/empty.yaml
[0.698s] -- Symlinking: /home/jv_costa/Pequi-Mecânico/my_bot_costa/install/my_bot/share/my_bot/config/view_bot.rviz
[0.706s] -- Symlinking: /home/jv_costa/Pequi-Mecânico/my_bot_costa/install/my_bot/share/my_bot/description/inertial_macros.xacro
[0.711s] -- Symlinking: /home/jv_costa/Pequi-Mecânico/my_bot_costa/install/my_bot/share/my_bot/description/robot.urdf.xacro
[0.716s] -- Symlinking: /home/jv_costa/Pequi-Mecânico/my_bot_costa/install/my_bot/share/my_bot/description/robot_core.xacro
[0.721s] -- Symlinking: /home/jv_costa/Pequi-Mecânico/my_bot_costa/install/my_bot/share/my_bot/launch/rsp.launch.py
[0.726s] -- Symlinking: /home/jv_costa/Pequi-Mecânico/my_bot_costa/install/my_bot/share/my_bot/worlds/empty.world
[0.732s] -- Symlinking: /home/jv_costa/Pequi-Mecânico/my_bot_costa/install/my_bot/share/ament_index/resource_index/package_run_dependencies/my_bot
[0.737s] -- Symlinking: /home/jv_costa/Pequi-Mecânico/my_bot_costa/install/my_bot/share/ament_index/resource_index/parent_prefix_path/my_bot
[0.743s] -- Symlinking: /home/jv_costa/Pequi-Mecânico/my_bot_costa/install/my_bot/share/my_bot/environment/ament_prefix_path.sh
[0.750s] -- Symlinking: /home/jv_costa/Pequi-Mecânico/my_bot_costa/install/my_bot/share/my_bot/environment/ament_prefix_path.dsv
[0.755s] -- Symlinking: /home/jv_costa/Pequi-Mecânico/my_bot_costa/install/my_bot/share/my_bot/environment/path.sh
[0.761s] -- Symlinking: /home/jv_costa/Pequi-Mecânico/my_bot_costa/install/my_bot/share/my_bot/environment/path.dsv
[0.767s] -- Symlinking: /home/jv_costa/Pequi-Mecânico/my_bot_costa/install/my_bot/share/my_bot/local_setup.bash
[0.772s] -- Symlinking: /home/jv_costa/Pequi-Mecânico/my_bot_costa/install/my_bot/share/my_bot/local_setup.sh
[0.778s] -- Symlinking: /home/jv_costa/Pequi-Mecânico/my_bot_costa/install/my_bot/share/my_bot/local_setup.zsh
[0.784s] -- Symlinking: /home/jv_costa/Pequi-Mecânico/my_bot_costa/install/my_bot/share/my_bot/local_setup.dsv
[0.790s] -- Symlinking: /home/jv_costa/Pequi-Mecânico/my_bot_costa/install/my_bot/share/my_bot/package.dsv
[0.795s] -- Symlinking: /home/jv_costa/Pequi-Mecânico/my_bot_costa/install/my_bot/share/ament_index/resource_index/packages/my_bot
[0.803s] -- Symlinking: /home/jv_costa/Pequi-Mecânico/my_bot_costa/install/my_bot/share/my_bot/cmake/my_botConfig.cmake
[0.811s] -- Symlinking: /home/jv_costa/Pequi-Mecânico/my_bot_costa/install/my_bot/share/my_bot/cmake/my_botConfig-version.cmake
[0.819s] -- Symlinking: /home/jv_costa/Pequi-Mecânico/my_bot_costa/install/my_bot/share/my_bot/package.xml
[0.828s] Invoked command in '/home/jv_costa/Pequi-Mecânico/my_bot_costa/build/my_bot' returned '0': CMAKE_PREFIX_PATH=/opt/ros/humble /usr/bin/cmake --install /home/jv_costa/Pequi-Mecânico/my_bot_costa/build/my_bot
