[0.027s] Invoking command in '/home/jv_costa/Pequi-Mecânico/my_bot_costa/build/my_bot': CMAKE_PREFIX_PATH=/opt/ros/humble /usr/bin/cmake /home/jv_costa/Pequi-Mecânico/my_bot_costa -DCMAKE_INSTALL_PREFIX=/home/jv_costa/Pequi-Mecânico/my_bot_costa/install/my_bot
[0.035s] -- Found ament_cmake: 1.3.6 (/opt/ros/humble/share/ament_cmake/cmake)
[0.129s] -- Override CMake install command with custom implementation using symlinks instead of copying resources
[0.133s] -- Found ament_lint_auto: 0.12.9 (/opt/ros/humble/share/ament_lint_auto/cmake)
[0.177s] -- Added test 'copyright' to check source files copyright and LICENSE
[0.182s] -- Added test 'cppcheck' to perform static code analysis on C / C++ code
[0.182s] -- Configured cppcheck include dirs: 
[0.182s] -- Configured cppcheck exclude dirs and/or files: 
[0.187s] -- Added test 'cpplint' to check C / C++ code against the Google style
[0.187s] -- Configured cpplint exclude dirs and/or files: 
[0.188s] -- Added test 'flake8' to check Python code syntax and style conventions
[0.189s] -- Added test 'lint_cmake' to check CMake code style
[0.190s] -- Added test 'pep257' to check Python code against some of the docstring style conventions in PEP 257
[0.195s] -- Added test 'uncrustify' to check C / C++ code style
[0.195s] -- Configured uncrustify additional arguments: 
[0.196s] -- Added test 'xmllint' to check XML markup files
[0.196s] -- Configuring done
[0.198s] -- Generating done
[0.198s] -- Build files have been written to: /home/jv_costa/Pequi-Mecânico/my_bot_costa/build/my_bot
[0.200s] Invoked command in '/home/jv_costa/Pequi-Mecânico/my_bot_costa/build/my_bot' returned '0': CMAKE_PREFIX_PATH=/opt/ros/humble /usr/bin/cmake /home/jv_costa/Pequi-Mecânico/my_bot_costa -DCMAKE_INSTALL_PREFIX=/home/jv_costa/Pequi-Mecânico/my_bot_costa/install/my_bot
[0.201s] Invoking command in '/home/jv_costa/Pequi-Mecânico/my_bot_costa/build/my_bot': CMAKE_PREFIX_PATH=/opt/ros/humble /usr/bin/cmake --build /home/jv_costa/Pequi-Mecânico/my_bot_costa/build/my_bot -- -j16 -l16
[0.229s] Invoked command in '/home/jv_costa/Pequi-Mecânico/my_bot_costa/build/my_bot' returned '0': CMAKE_PREFIX_PATH=/opt/ros/humble /usr/bin/cmake --build /home/jv_costa/Pequi-Mecânico/my_bot_costa/build/my_bot -- -j16 -l16
[0.261s] Invoking command in '/home/jv_costa/Pequi-Mecânico/my_bot_costa/build/my_bot': CMAKE_PREFIX_PATH=/opt/ros/humble /usr/bin/cmake --install /home/jv_costa/Pequi-Mecânico/my_bot_costa/build/my_bot
[0.270s] -- Install configuration: ""
[0.270s] -- Execute custom install script
[0.271s] -- Up-to-date symlink: /home/jv_costa/Pequi-Mecânico/my_bot_costa/install/my_bot/share/my_bot/config/empty.yaml
[0.271s] -- Up-to-date symlink: /home/jv_costa/Pequi-Mecânico/my_bot_costa/install/my_bot/share/my_bot/config/view_bot.rviz
[0.271s] -- Up-to-date symlink: /home/jv_costa/Pequi-Mecânico/my_bot_costa/install/my_bot/share/my_bot/description/inertial_macros.xacro
[0.271s] -- Up-to-date symlink: /home/jv_costa/Pequi-Mecânico/my_bot_costa/install/my_bot/share/my_bot/description/robot.urdf.xacro
[0.271s] -- Up-to-date symlink: /home/jv_costa/Pequi-Mecânico/my_bot_costa/install/my_bot/share/my_bot/description/robot_core.xacro
[0.271s] -- Up-to-date symlink: /home/jv_costa/Pequi-Mecânico/my_bot_costa/install/my_bot/share/my_bot/launch/rsp.launch.py
[0.271s] -- Up-to-date symlink: /home/jv_costa/Pequi-Mecânico/my_bot_costa/install/my_bot/share/my_bot/worlds/empty.world
[0.272s] -- Up-to-date symlink: /home/jv_costa/Pequi-Mecânico/my_bot_costa/install/my_bot/share/ament_index/resource_index/package_run_dependencies/my_bot
[0.272s] -- Up-to-date symlink: /home/jv_costa/Pequi-Mecânico/my_bot_costa/install/my_bot/share/ament_index/resource_index/parent_prefix_path/my_bot
[0.272s] -- Up-to-date symlink: /home/jv_costa/Pequi-Mecânico/my_bot_costa/install/my_bot/share/my_bot/environment/ament_prefix_path.sh
[0.272s] -- Up-to-date symlink: /home/jv_costa/Pequi-Mecânico/my_bot_costa/install/my_bot/share/my_bot/environment/ament_prefix_path.dsv
[0.272s] -- Up-to-date symlink: /home/jv_costa/Pequi-Mecânico/my_bot_costa/install/my_bot/share/my_bot/environment/path.sh
[0.272s] -- Up-to-date symlink: /home/jv_costa/Pequi-Mecânico/my_bot_costa/install/my_bot/share/my_bot/environment/path.dsv
[0.272s] -- Up-to-date symlink: /home/jv_costa/Pequi-Mecânico/my_bot_costa/install/my_bot/share/my_bot/local_setup.bash
[0.273s] -- Up-to-date symlink: /home/jv_costa/Pequi-Mecânico/my_bot_costa/install/my_bot/share/my_bot/local_setup.sh
[0.273s] -- Up-to-date symlink: /home/jv_costa/Pequi-Mecânico/my_bot_costa/install/my_bot/share/my_bot/local_setup.zsh
[0.273s] -- Up-to-date symlink: /home/jv_costa/Pequi-Mecânico/my_bot_costa/install/my_bot/share/my_bot/local_setup.dsv
[0.273s] -- Symlinking: /home/jv_costa/Pequi-Mecânico/my_bot_costa/install/my_bot/share/my_bot/package.dsv
[0.281s] -- Up-to-date symlink: /home/jv_costa/Pequi-Mecânico/my_bot_costa/install/my_bot/share/ament_index/resource_index/packages/my_bot
[0.281s] -- Up-to-date symlink: /home/jv_costa/Pequi-Mecânico/my_bot_costa/install/my_bot/share/my_bot/cmake/my_botConfig.cmake
[0.281s] -- Up-to-date symlink: /home/jv_costa/Pequi-Mecânico/my_bot_costa/install/my_bot/share/my_bot/cmake/my_botConfig-version.cmake
[0.281s] -- Up-to-date symlink: /home/jv_costa/Pequi-Mecânico/my_bot_costa/install/my_bot/share/my_bot/package.xml
[0.282s] Invoked command in '/home/jv_costa/Pequi-Mecânico/my_bot_costa/build/my_bot' returned '0': CMAKE_PREFIX_PATH=/opt/ros/humble /usr/bin/cmake --install /home/jv_costa/Pequi-Mecânico/my_bot_costa/build/my_bot
