[0.497s] DEBUG:colcon:Command line arguments: ['/usr/bin/colcon', 'build']
[0.497s] DEBUG:colcon:Parsed command line arguments: Namespace(log_base=None, log_level=None, verb_name='build', build_base='build', install_base='install', merge_install=False, symlink_install=False, test_result_base=None, continue_on_error=False, executor='parallel', parallel_workers=16, event_handlers=None, ignore_user_meta=False, metas=['./colcon.meta'], base_paths=['.'], packages_ignore=None, packages_ignore_regex=None, paths=None, packages_up_to=None, packages_up_to_regex=None, packages_above=None, packages_above_and_dependencies=None, packages_above_depth=None, packages_select_by_dep=None, packages_skip_by_dep=None, packages_skip_up_to=None, packages_select_build_failed=False, packages_skip_build_finished=False, packages_select_test_failures=False, packages_skip_test_passed=False, packages_select=None, packages_skip=None, packages_select_regex=None, packages_skip_regex=None, packages_start=None, packages_end=None, allow_overriding=[], cmake_args=None, cmake_target=None, cmake_target_skip_unavailable=False, cmake_clean_cache=False, cmake_clean_first=False, cmake_force_configure=False, ament_cmake_args=None, catkin_cmake_args=None, catkin_skip_building_tests=False, verb_parser=<colcon_defaults.argument_parser.defaults.DefaultArgumentsDecorator object at 0x7f629d07aad0>, verb_extension=<colcon_core.verb.build.BuildVerb object at 0x7f629d4db1c0>, main=<bound method BuildVerb.main of <colcon_core.verb.build.BuildVerb object at 0x7f629d4db1c0>>)
[0.522s] Level 1:colcon.colcon_core.package_discovery:discover_packages(colcon_meta) check parameters
[0.522s] Level 1:colcon.colcon_core.package_discovery:discover_packages(recursive) check parameters
[0.523s] Level 1:colcon.colcon_core.package_discovery:discover_packages(ignore) check parameters
[0.523s] Level 1:colcon.colcon_core.package_discovery:discover_packages(path) check parameters
[0.523s] Level 1:colcon.colcon_core.package_discovery:discover_packages(colcon_meta) discover
[0.523s] Level 1:colcon.colcon_core.package_discovery:discover_packages(recursive) discover
[0.523s] INFO:colcon.colcon_core.package_discovery:Crawling recursively for packages in '/home/jv_costa/Pequi-Mecânico/my_bot_costa'
[0.523s] Level 1:colcon.colcon_core.package_identification:_identify(.) by extensions ['ignore', 'ignore_ament_install']
[0.523s] Level 1:colcon.colcon_core.package_identification:_identify(.) by extension 'ignore'
[0.523s] Level 1:colcon.colcon_core.package_identification:_identify(.) by extension 'ignore_ament_install'
[0.523s] Level 1:colcon.colcon_core.package_identification:_identify(.) by extensions ['colcon_pkg']
[0.523s] Level 1:colcon.colcon_core.package_identification:_identify(.) by extension 'colcon_pkg'
[0.523s] Level 1:colcon.colcon_core.package_identification:_identify(.) by extensions ['colcon_meta']
[0.523s] Level 1:colcon.colcon_core.package_identification:_identify(.) by extension 'colcon_meta'
[0.523s] Level 1:colcon.colcon_core.package_identification:_identify(.) by extensions ['ros']
[0.523s] Level 1:colcon.colcon_core.package_identification:_identify(.) by extension 'ros'
[0.531s] DEBUG:colcon.colcon_core.package_identification:Package '.' with type 'ros.ament_cmake' and name 'my_bot'
[0.532s] Level 1:colcon.colcon_core.package_discovery:discover_packages(recursive) using defaults
[0.532s] Level 1:colcon.colcon_core.package_discovery:discover_packages(ignore) discover
[0.532s] Level 1:colcon.colcon_core.package_discovery:discover_packages(ignore) using defaults
[0.532s] Level 1:colcon.colcon_core.package_discovery:discover_packages(path) discover
[0.532s] Level 1:colcon.colcon_core.package_discovery:discover_packages(path) using defaults
[0.578s] Level 1:colcon.colcon_core.package_discovery:discover_packages(prefix_path) check parameters
[0.578s] Level 1:colcon.colcon_core.package_discovery:discover_packages(prefix_path) discover
[0.593s] DEBUG:colcon.colcon_installed_package_information.package_discovery:Found 247 installed packages in /opt/ros/humble
[0.594s] Level 1:colcon.colcon_core.package_discovery:discover_packages(prefix_path) using defaults
[0.641s] Level 5:colcon.colcon_core.verb:set package 'my_bot' build argument 'cmake_args' from command line to 'None'
[0.641s] Level 5:colcon.colcon_core.verb:set package 'my_bot' build argument 'cmake_target' from command line to 'None'
[0.641s] Level 5:colcon.colcon_core.verb:set package 'my_bot' build argument 'cmake_target_skip_unavailable' from command line to 'False'
[0.641s] Level 5:colcon.colcon_core.verb:set package 'my_bot' build argument 'cmake_clean_cache' from command line to 'False'
[0.641s] Level 5:colcon.colcon_core.verb:set package 'my_bot' build argument 'cmake_clean_first' from command line to 'False'
[0.641s] Level 5:colcon.colcon_core.verb:set package 'my_bot' build argument 'cmake_force_configure' from command line to 'False'
[0.641s] Level 5:colcon.colcon_core.verb:set package 'my_bot' build argument 'ament_cmake_args' from command line to 'None'
[0.641s] Level 5:colcon.colcon_core.verb:set package 'my_bot' build argument 'catkin_cmake_args' from command line to 'None'
[0.641s] Level 5:colcon.colcon_core.verb:set package 'my_bot' build argument 'catkin_skip_building_tests' from command line to 'False'
[0.641s] DEBUG:colcon.colcon_core.verb:Building package 'my_bot' with the following arguments: {'ament_cmake_args': None, 'build_base': '/home/jv_costa/Pequi-Mecânico/my_bot_costa/build/my_bot', 'catkin_cmake_args': None, 'catkin_skip_building_tests': False, 'cmake_args': None, 'cmake_clean_cache': False, 'cmake_clean_first': False, 'cmake_force_configure': False, 'cmake_target': None, 'cmake_target_skip_unavailable': False, 'install_base': '/home/jv_costa/Pequi-Mecânico/my_bot_costa/install/my_bot', 'merge_install': False, 'path': '/home/jv_costa/Pequi-Mecânico/my_bot_costa', 'symlink_install': False, 'test_result_base': None}
[0.648s] INFO:colcon.colcon_core.executor:Executing jobs using 'parallel' executor
[0.655s] DEBUG:colcon.colcon_parallel_executor.executor.parallel:run_until_complete
[0.655s] INFO:colcon.colcon_ros.task.ament_cmake.build:Building ROS package in '/home/jv_costa/Pequi-Mecânico/my_bot_costa' with build type 'ament_cmake'
[0.655s] INFO:colcon.colcon_cmake.task.cmake.build:Building CMake package in '/home/jv_costa/Pequi-Mecânico/my_bot_costa'
[0.663s] INFO:colcon.colcon_core.plugin_system:Skipping extension 'colcon_core.shell.bat': Not used on non-Windows systems
[0.663s] INFO:colcon.colcon_core.shell:Skip shell extension 'powershell' for command environment: Not usable outside of PowerShell
[0.663s] DEBUG:colcon.colcon_core.shell:Skip shell extension 'dsv' for command environment
[0.683s] DEBUG:colcon.colcon_core.event_handler.log_command:Invoking command in '/home/jv_costa/Pequi-Mecânico/my_bot_costa/build/my_bot': CMAKE_PREFIX_PATH=/opt/ros/humble /usr/bin/cmake /home/jv_costa/Pequi-Mecânico/my_bot_costa -DCMAKE_INSTALL_PREFIX=/home/jv_costa/Pequi-Mecânico/my_bot_costa/install/my_bot
[0.856s] DEBUG:colcon.colcon_core.event_handler.log_command:Invoked command in '/home/jv_costa/Pequi-Mecânico/my_bot_costa/build/my_bot' returned '0': CMAKE_PREFIX_PATH=/opt/ros/humble /usr/bin/cmake /home/jv_costa/Pequi-Mecânico/my_bot_costa -DCMAKE_INSTALL_PREFIX=/home/jv_costa/Pequi-Mecânico/my_bot_costa/install/my_bot
[0.857s] DEBUG:colcon.colcon_core.event_handler.log_command:Invoking command in '/home/jv_costa/Pequi-Mecânico/my_bot_costa/build/my_bot': CMAKE_PREFIX_PATH=/opt/ros/humble /usr/bin/cmake --build /home/jv_costa/Pequi-Mecânico/my_bot_costa/build/my_bot -- -j16 -l16
[0.885s] DEBUG:colcon.colcon_core.event_handler.log_command:Invoked command in '/home/jv_costa/Pequi-Mecânico/my_bot_costa/build/my_bot' returned '0': CMAKE_PREFIX_PATH=/opt/ros/humble /usr/bin/cmake --build /home/jv_costa/Pequi-Mecânico/my_bot_costa/build/my_bot -- -j16 -l16
[0.917s] DEBUG:colcon.colcon_core.event_handler.log_command:Invoking command in '/home/jv_costa/Pequi-Mecânico/my_bot_costa/build/my_bot': CMAKE_PREFIX_PATH=/opt/ros/humble /usr/bin/cmake --install /home/jv_costa/Pequi-Mecânico/my_bot_costa/build/my_bot
[0.938s] Level 1:colcon.colcon_core.environment:create_environment_scripts_only(my_bot)
[0.938s] DEBUG:colcon.colcon_core.event_handler.log_command:Invoked command in '/home/jv_costa/Pequi-Mecânico/my_bot_costa/build/my_bot' returned '0': CMAKE_PREFIX_PATH=/opt/ros/humble /usr/bin/cmake --install /home/jv_costa/Pequi-Mecânico/my_bot_costa/build/my_bot
[0.952s] Level 1:colcon.colcon_core.environment:checking '/home/jv_costa/Pequi-Mecânico/my_bot_costa/install/my_bot' for CMake module files
[0.952s] Level 1:colcon.colcon_core.environment:checking '/home/jv_costa/Pequi-Mecânico/my_bot_costa/install/my_bot' for CMake config files
[0.953s] Level 1:colcon.colcon_core.shell:create_environment_hook('my_bot', 'cmake_prefix_path')
[0.960s] INFO:colcon.colcon_core.shell:Creating environment hook '/home/jv_costa/Pequi-Mecânico/my_bot_costa/install/my_bot/share/my_bot/hook/cmake_prefix_path.ps1'
[0.960s] INFO:colcon.colcon_core.shell:Creating environment descriptor '/home/jv_costa/Pequi-Mecânico/my_bot_costa/install/my_bot/share/my_bot/hook/cmake_prefix_path.dsv'
[0.961s] INFO:colcon.colcon_core.shell:Creating environment hook '/home/jv_costa/Pequi-Mecânico/my_bot_costa/install/my_bot/share/my_bot/hook/cmake_prefix_path.sh'
[0.961s] Level 1:colcon.colcon_core.environment:checking '/home/jv_costa/Pequi-Mecânico/my_bot_costa/install/my_bot/bin'
[0.961s] Level 1:colcon.colcon_core.environment:checking '/home/jv_costa/Pequi-Mecânico/my_bot_costa/install/my_bot/lib/pkgconfig/my_bot.pc'
[0.961s] Level 1:colcon.colcon_core.environment:checking '/home/jv_costa/Pequi-Mecânico/my_bot_costa/install/my_bot/lib/python3.10/site-packages'
[0.962s] Level 1:colcon.colcon_core.environment:checking '/home/jv_costa/Pequi-Mecânico/my_bot_costa/install/my_bot/bin'
[0.969s] INFO:colcon.colcon_core.shell:Creating package script '/home/jv_costa/Pequi-Mecânico/my_bot_costa/install/my_bot/share/my_bot/package.ps1'
[0.969s] INFO:colcon.colcon_core.shell:Creating package descriptor '/home/jv_costa/Pequi-Mecânico/my_bot_costa/install/my_bot/share/my_bot/package.dsv'
[0.969s] INFO:colcon.colcon_core.shell:Creating package script '/home/jv_costa/Pequi-Mecânico/my_bot_costa/install/my_bot/share/my_bot/package.sh'
[0.970s] INFO:colcon.colcon_core.shell:Creating package script '/home/jv_costa/Pequi-Mecânico/my_bot_costa/install/my_bot/share/my_bot/package.bash'
[0.970s] INFO:colcon.colcon_core.shell:Creating package script '/home/jv_costa/Pequi-Mecânico/my_bot_costa/install/my_bot/share/my_bot/package.zsh'
[0.970s] Level 1:colcon.colcon_core.environment:create_file_with_runtime_dependencies(/home/jv_costa/Pequi-Mecânico/my_bot_costa/install/my_bot/share/colcon-core/packages/my_bot)
[0.992s] Level 1:colcon.colcon_core.environment:create_environment_scripts_only(my_bot)
[0.999s] Level 1:colcon.colcon_core.environment:checking '/home/jv_costa/Pequi-Mecânico/my_bot_costa/install/my_bot' for CMake module files
[1.000s] Level 1:colcon.colcon_core.environment:checking '/home/jv_costa/Pequi-Mecânico/my_bot_costa/install/my_bot' for CMake config files
[1.000s] Level 1:colcon.colcon_core.shell:create_environment_hook('my_bot', 'cmake_prefix_path')
[1.007s] INFO:colcon.colcon_core.shell:Creating environment hook '/home/jv_costa/Pequi-Mecânico/my_bot_costa/install/my_bot/share/my_bot/hook/cmake_prefix_path.ps1'
[1.007s] INFO:colcon.colcon_core.shell:Creating environment descriptor '/home/jv_costa/Pequi-Mecânico/my_bot_costa/install/my_bot/share/my_bot/hook/cmake_prefix_path.dsv'
[1.007s] INFO:colcon.colcon_core.shell:Creating environment hook '/home/jv_costa/Pequi-Mecânico/my_bot_costa/install/my_bot/share/my_bot/hook/cmake_prefix_path.sh'
[1.008s] Level 1:colcon.colcon_core.environment:checking '/home/jv_costa/Pequi-Mecânico/my_bot_costa/install/my_bot/bin'
[1.008s] Level 1:colcon.colcon_core.environment:checking '/home/jv_costa/Pequi-Mecânico/my_bot_costa/install/my_bot/lib/pkgconfig/my_bot.pc'
[1.008s] Level 1:colcon.colcon_core.environment:checking '/home/jv_costa/Pequi-Mecânico/my_bot_costa/install/my_bot/lib/python3.10/site-packages'
[1.008s] Level 1:colcon.colcon_core.environment:checking '/home/jv_costa/Pequi-Mecânico/my_bot_costa/install/my_bot/bin'
[1.015s] INFO:colcon.colcon_core.shell:Creating package script '/home/jv_costa/Pequi-Mecânico/my_bot_costa/install/my_bot/share/my_bot/package.ps1'
[1.015s] INFO:colcon.colcon_core.shell:Creating package descriptor '/home/jv_costa/Pequi-Mecânico/my_bot_costa/install/my_bot/share/my_bot/package.dsv'
[1.016s] INFO:colcon.colcon_core.shell:Creating package script '/home/jv_costa/Pequi-Mecânico/my_bot_costa/install/my_bot/share/my_bot/package.sh'
[1.016s] INFO:colcon.colcon_core.shell:Creating package script '/home/jv_costa/Pequi-Mecânico/my_bot_costa/install/my_bot/share/my_bot/package.bash'
[1.016s] INFO:colcon.colcon_core.shell:Creating package script '/home/jv_costa/Pequi-Mecânico/my_bot_costa/install/my_bot/share/my_bot/package.zsh'
[1.016s] Level 1:colcon.colcon_core.environment:create_file_with_runtime_dependencies(/home/jv_costa/Pequi-Mecânico/my_bot_costa/install/my_bot/share/colcon-core/packages/my_bot)
[1.016s] DEBUG:colcon.colcon_parallel_executor.executor.parallel:closing loop
[1.016s] DEBUG:colcon.colcon_parallel_executor.executor.parallel:loop closed
[1.016s] DEBUG:colcon.colcon_parallel_executor.executor.parallel:run_until_complete finished with '0'
[1.016s] DEBUG:colcon.colcon_core.event_reactor:joining thread
[1.026s] INFO:colcon.colcon_core.plugin_system:Skipping extension 'colcon_notification.desktop_notification.terminal_notifier': Not used on non-Darwin systems
[1.027s] INFO:colcon.colcon_core.plugin_system:Skipping extension 'colcon_notification.desktop_notification.win32': Not used on non-Windows systems
[1.027s] INFO:colcon.colcon_notification.desktop_notification:Sending desktop notification using 'notify2'
[1.036s] DEBUG:colcon.colcon_core.event_reactor:joined thread
[1.043s] INFO:colcon.colcon_core.shell:Creating prefix script '/home/jv_costa/Pequi-Mecânico/my_bot_costa/install/local_setup.ps1'
[1.044s] INFO:colcon.colcon_core.shell:Creating prefix util module '/home/jv_costa/Pequi-Mecânico/my_bot_costa/install/_local_setup_util_ps1.py'
[1.045s] INFO:colcon.colcon_core.shell:Creating prefix chain script '/home/jv_costa/Pequi-Mecânico/my_bot_costa/install/setup.ps1'
[1.052s] INFO:colcon.colcon_core.shell:Creating prefix script '/home/jv_costa/Pequi-Mecânico/my_bot_costa/install/local_setup.sh'
[1.053s] INFO:colcon.colcon_core.shell:Creating prefix util module '/home/jv_costa/Pequi-Mecânico/my_bot_costa/install/_local_setup_util_sh.py'
[1.053s] INFO:colcon.colcon_core.shell:Creating prefix chain script '/home/jv_costa/Pequi-Mecânico/my_bot_costa/install/setup.sh'
[1.060s] INFO:colcon.colcon_core.shell:Creating prefix script '/home/jv_costa/Pequi-Mecânico/my_bot_costa/install/local_setup.bash'
[1.061s] INFO:colcon.colcon_core.shell:Creating prefix chain script '/home/jv_costa/Pequi-Mecânico/my_bot_costa/install/setup.bash'
[1.068s] INFO:colcon.colcon_core.shell:Creating prefix script '/home/jv_costa/Pequi-Mecânico/my_bot_costa/install/local_setup.zsh'
[1.068s] INFO:colcon.colcon_core.shell:Creating prefix chain script '/home/jv_costa/Pequi-Mecânico/my_bot_costa/install/setup.zsh'
